2025-07-25 08:35:29.014 [info] [main] Log level: Info
2025-07-25 08:35:29.014 [info] [main] Validating found git in: "git"
2025-07-25 08:35:29.014 [info] [main] Using git "2.43.0" from "git"
2025-07-25 08:35:29.014 [info] [Model][doInitialScan] Initial repository scan started
2025-07-25 08:35:29.014 [info] > git rev-parse --show-toplevel [28ms]
2025-07-25 08:35:29.014 [info] fatal: not a git repository (or any of the parent directories): .git
2025-07-25 08:35:29.014 [info] [Model][doInitialScan] Initial repository scan completed - repositories (0), closed repositories (0), parent repositories (0), unsafe repositories (0)
2025-07-25 08:35:41.256 [info] > git rev-parse --show-toplevel [10ms]
2025-07-25 08:35:41.257 [info] fatal: not a git repository (or any of the parent directories): .git
2025-07-25 08:57:06.540 [info] > git rev-parse --show-toplevel [15ms]
2025-07-25 08:57:06.594 [info] > git rev-parse --git-dir --git-common-dir [3ms]
2025-07-25 08:57:06.744 [info] [Model][openRepository] Opened repository (path): /home/fly/rustStuff/hello_world/hello_cargo
2025-07-25 08:57:06.744 [info] [Model][openRepository] Opened repository (real path): /home/fly/rustStuff/hello_world/hello_cargo
2025-07-25 08:57:06.794 [info] > git config --get commit.template [4ms]
2025-07-25 08:57:06.813 [info] [Git][getRemotes] No remotes found in the git config file
2025-07-25 08:57:06.815 [info] > git for-each-ref --format=%(refname)%00%(upstream:short)%00%(objectname)%00%(upstream:track)%00%(upstream:remotename)%00%(upstream:remoteref) refs/heads/master refs/remotes/master [6ms]
2025-07-25 08:57:06.818 [warning] [Git][getBranch] No such branch: master
2025-07-25 08:57:06.871 [info] > git status -z -uall [39ms]
2025-07-25 08:57:06.874 [info] > git for-each-ref --sort -committerdate --format %(refname)%00%(objectname)%00%(*objectname) [20ms]
2025-07-25 08:57:06.927 [info] > git for-each-ref --format=%(refname)%00%(upstream:short)%00%(objectname)%00%(upstream:track)%00%(upstream:remotename)%00%(upstream:remoteref) refs/heads/master refs/remotes/master [25ms]
2025-07-25 08:57:06.927 [warning] [Git][getBranch] No such branch: master
2025-07-25 08:57:06.929 [error] [GitHistoryProvider][resolveHEADMergeBase] Failed to resolve merge base for master: Error: No such branch: master.
2025-07-25 08:57:06.934 [info] > git config --get commit.template [7ms]
2025-07-25 08:57:06.944 [info] [Git][getRemotes] No remotes found in the git config file
2025-07-25 08:57:06.946 [info] > git for-each-ref --format=%(refname)%00%(upstream:short)%00%(objectname)%00%(upstream:track)%00%(upstream:remotename)%00%(upstream:remoteref) refs/heads/master refs/remotes/master [3ms]
2025-07-25 08:57:06.946 [warning] [Git][getBranch] No such branch: master
2025-07-25 08:57:06.994 [info] > git status -z -uall [38ms]
2025-07-25 08:57:06.995 [info] > git for-each-ref --sort -committerdate --format %(refname)%00%(objectname)%00%(*objectname) [27ms]
2025-07-25 08:57:07.319 [info] > git check-ignore -v -z --stdin [7ms]
2025-07-25 08:57:08.252 [info] > git check-ignore -v -z --stdin [3ms]
2025-07-25 08:57:30.138 [info] > git check-ignore -v -z --stdin [13ms]
2025-07-25 09:02:36.892 [info] > git check-ignore -v -z --stdin [11ms]
2025-07-25 09:03:05.675 [info] > git check-ignore -v -z --stdin [4ms]
2025-07-25 09:12:22.198 [info] > git config --get commit.template [23ms]
2025-07-25 09:12:22.219 [info] [Git][getRemotes] No remotes found in the git config file
2025-07-25 09:12:22.222 [info] > git for-each-ref --format=%(refname)%00%(upstream:short)%00%(objectname)%00%(upstream:track)%00%(upstream:remotename)%00%(upstream:remoteref) refs/heads/master refs/remotes/master [8ms]
2025-07-25 09:12:22.223 [warning] [Git][getBranch] No such branch: master
2025-07-25 09:12:22.266 [info] > git status -z -uall [27ms]
2025-07-25 09:12:22.266 [info] > git for-each-ref --sort -committerdate --format %(refname)%00%(objectname)%00%(*objectname) [6ms]
