2025-07-25 09:14:51.571 [info] Extension host with pid 35122 started
2025-07-25 09:14:51.571 [info] Skipping acquiring lock for /home/fly/.config/Code/User/workspaceStorage/eceb20646d1b603f24604f31703cdaf7.
2025-07-25 09:14:52.283 [info] ExtensionService#_doActivateExtension vscode.github-authentication, startup: false, activationEvent: 'onAuthenticationRequest:github'
2025-07-25 09:14:52.437 [info] ExtensionService#_doActivateExtension vscode.emmet, startup: false, activationEvent: 'onLanguage'
2025-07-25 09:14:53.184 [info] ExtensionService#_doActivateExtension vscode.git-base, startup: true, activationEvent: '*', root cause: vscode.git
2025-07-25 09:14:53.291 [info] ExtensionService#_doActivateExtension vscode.git, startup: true, activationEvent: '*'
2025-07-25 09:14:53.641 [info] ExtensionService#_doActivateExtension vscode.github, startup: true, activationEvent: '*'
2025-07-25 09:14:54.713 [info] Eager extensions activated
2025-07-25 09:14:54.867 [info] ExtensionService#_doActivateExtension vscode.debug-auto-launch, startup: false, activationEvent: 'onStartupFinished'
2025-07-25 09:14:54.888 [info] ExtensionService#_doActivateExtension vscode.merge-conflict, startup: false, activationEvent: 'onStartupFinished'
2025-07-25 09:15:17.431 [info] Extension host terminating: renderer closed the MessagePort
2025-07-25 09:15:17.487 [info] Extension host with pid 35122 exiting with code 0
2025-07-25 09:15:22.051 [info] Extension host with pid 35235 started
2025-07-25 09:15:22.051 [info] Skipping acquiring lock for /home/fly/.config/Code/User/workspaceStorage/a211367ecd06536dcba77a244278278a.
2025-07-25 09:15:22.280 [info] ExtensionService#_doActivateExtension vscode.github-authentication, startup: false, activationEvent: 'onAuthenticationRequest:github'
2025-07-25 09:15:22.429 [info] ExtensionService#_doActivateExtension vscode.emmet, startup: false, activationEvent: 'onLanguage'
2025-07-25 09:15:22.645 [info] ExtensionService#_doActivateExtension vscode.git-base, startup: true, activationEvent: '*', root cause: vscode.git
2025-07-25 09:15:22.682 [info] ExtensionService#_doActivateExtension vscode.git, startup: true, activationEvent: '*'
2025-07-25 09:15:22.895 [info] ExtensionService#_doActivateExtension vscode.github, startup: true, activationEvent: '*'
2025-07-25 09:15:24.341 [info] Eager extensions activated
2025-07-25 09:15:24.852 [info] ExtensionService#_doActivateExtension vscode.debug-auto-launch, startup: false, activationEvent: 'onStartupFinished'
2025-07-25 09:15:24.897 [info] ExtensionService#_doActivateExtension vscode.merge-conflict, startup: false, activationEvent: 'onStartupFinished'
2025-07-25 11:24:43.702 [info] ExtensionService#_doActivateExtension ms-vscode.js-debug, startup: false, activationEvent: 'onDebugInitialConfigurations'
2025-07-25 11:24:51.337 [info] ExtensionService#_doActivateExtension vscode.debug-server-ready, startup: false, activationEvent: 'onDebugResolve'
2025-07-26 17:11:02.189 [info] Extension host terminating: renderer closed the MessagePort
2025-07-26 17:11:03.659 [info] Extension host with pid 35235 exiting with code 0
